Determining if the pthread_create exist failed with the following output:
Change Dir: /home/mknezevi/Downloads/search_j/gideon_task/CMakeFiles/CMakeTmp

Run Build Command:"/usr/bin/make" "cmTC_0c698/fast"
/usr/bin/make -f CMakeFiles/cmTC_0c698.dir/build.make CMakeFiles/cmTC_0c698.dir/build
make[1]: Entering directory '/home/mknezevi/Downloads/search_j/gideon_task/CMakeFiles/CMakeTmp'
Building C object CMakeFiles/cmTC_0c698.dir/CheckSymbolExists.c.o
/usr/bin/cc   -fPIC    -o CMakeFiles/cmTC_0c698.dir/CheckSymbolExists.c.o   -c /home/mknezevi/Downloads/search_j/gideon_task/CMakeFiles/CMakeTmp/CheckSymbolExists.c
Linking C executable cmTC_0c698
/usr/bin/cmake -E cmake_link_script CMakeFiles/cmTC_0c698.dir/link.txt --verbose=1
/usr/bin/cc -fPIC     -rdynamic CMakeFiles/cmTC_0c698.dir/CheckSymbolExists.c.o  -o cmTC_0c698 
/usr/bin/ld: CMakeFiles/cmTC_0c698.dir/CheckSymbolExists.c.o: in function `main':
CheckSymbolExists.c:(.text+0x1b): undefined reference to `pthread_create'
collect2: error: ld returned 1 exit status
make[1]: *** [CMakeFiles/cmTC_0c698.dir/build.make:87: cmTC_0c698] Error 1
make[1]: Leaving directory '/home/mknezevi/Downloads/search_j/gideon_task/CMakeFiles/CMakeTmp'
make: *** [Makefile:121: cmTC_0c698/fast] Error 2

File /home/mknezevi/Downloads/search_j/gideon_task/CMakeFiles/CMakeTmp/CheckSymbolExists.c:
/* */
#include <pthread.h>

int main(int argc, char** argv)
{
  (void)argv;
#ifndef pthread_create
  return ((int*)(&pthread_create))[argc];
#else
  (void)argc;
  return 0;
#endif
}

Determining if the function pthread_create exists in the pthreads failed with the following output:
Change Dir: /home/mknezevi/Downloads/search_j/gideon_task/CMakeFiles/CMakeTmp

Run Build Command:"/usr/bin/make" "cmTC_94b11/fast"
/usr/bin/make -f CMakeFiles/cmTC_94b11.dir/build.make CMakeFiles/cmTC_94b11.dir/build
make[1]: Entering directory '/home/mknezevi/Downloads/search_j/gideon_task/CMakeFiles/CMakeTmp'
Building C object CMakeFiles/cmTC_94b11.dir/CheckFunctionExists.c.o
/usr/bin/cc   -fPIC -DCHECK_FUNCTION_EXISTS=pthread_create   -o CMakeFiles/cmTC_94b11.dir/CheckFunctionExists.c.o   -c /usr/share/cmake-3.13/Modules/CheckFunctionExists.c
Linking C executable cmTC_94b11
/usr/bin/cmake -E cmake_link_script CMakeFiles/cmTC_94b11.dir/link.txt --verbose=1
/usr/bin/cc -fPIC -DCHECK_FUNCTION_EXISTS=pthread_create    -rdynamic CMakeFiles/cmTC_94b11.dir/CheckFunctionExists.c.o  -o cmTC_94b11 -lpthreads 
/usr/bin/ld: cannot find -lpthreads
collect2: error: ld returned 1 exit status
make[1]: *** [CMakeFiles/cmTC_94b11.dir/build.make:87: cmTC_94b11] Error 1
make[1]: Leaving directory '/home/mknezevi/Downloads/search_j/gideon_task/CMakeFiles/CMakeTmp'
make: *** [Makefile:121: cmTC_94b11/fast] Error 2


Determining if the pthread_create exist failed with the following output:
Change Dir: /home/mknezevi/Downloads/search_j/gideon_task/CMakeFiles/CMakeTmp

Run Build Command:"/usr/bin/make" "cmTC_b797b/fast"
/usr/bin/make -f CMakeFiles/cmTC_b797b.dir/build.make CMakeFiles/cmTC_b797b.dir/build
make[1]: Entering directory '/home/mknezevi/Downloads/search_j/gideon_task/CMakeFiles/CMakeTmp'
Building C object CMakeFiles/cmTC_b797b.dir/CheckSymbolExists.c.o
/usr/bin/cc   -fPIC    -o CMakeFiles/cmTC_b797b.dir/CheckSymbolExists.c.o   -c /home/mknezevi/Downloads/search_j/gideon_task/CMakeFiles/CMakeTmp/CheckSymbolExists.c
Linking C executable cmTC_b797b
/usr/bin/cmake -E cmake_link_script CMakeFiles/cmTC_b797b.dir/link.txt --verbose=1
/usr/bin/cc -fPIC     -rdynamic CMakeFiles/cmTC_b797b.dir/CheckSymbolExists.c.o  -o cmTC_b797b 
/usr/bin/ld: CMakeFiles/cmTC_b797b.dir/CheckSymbolExists.c.o: in function `main':
CheckSymbolExists.c:(.text+0x1b): undefined reference to `pthread_create'
collect2: error: ld returned 1 exit status
make[1]: *** [CMakeFiles/cmTC_b797b.dir/build.make:87: cmTC_b797b] Error 1
make[1]: Leaving directory '/home/mknezevi/Downloads/search_j/gideon_task/CMakeFiles/CMakeTmp'
make: *** [Makefile:121: cmTC_b797b/fast] Error 2

File /home/mknezevi/Downloads/search_j/gideon_task/CMakeFiles/CMakeTmp/CheckSymbolExists.c:
/* */
#include <pthread.h>

int main(int argc, char** argv)
{
  (void)argv;
#ifndef pthread_create
  return ((int*)(&pthread_create))[argc];
#else
  (void)argc;
  return 0;
#endif
}

Determining if the function pthread_create exists in the pthreads failed with the following output:
Change Dir: /home/mknezevi/Downloads/search_j/gideon_task/CMakeFiles/CMakeTmp

Run Build Command:"/usr/bin/make" "cmTC_f22f1/fast"
/usr/bin/make -f CMakeFiles/cmTC_f22f1.dir/build.make CMakeFiles/cmTC_f22f1.dir/build
make[1]: Entering directory '/home/mknezevi/Downloads/search_j/gideon_task/CMakeFiles/CMakeTmp'
Building C object CMakeFiles/cmTC_f22f1.dir/CheckFunctionExists.c.o
/usr/bin/cc   -fPIC -DCHECK_FUNCTION_EXISTS=pthread_create   -o CMakeFiles/cmTC_f22f1.dir/CheckFunctionExists.c.o   -c /usr/share/cmake-3.13/Modules/CheckFunctionExists.c
Linking C executable cmTC_f22f1
/usr/bin/cmake -E cmake_link_script CMakeFiles/cmTC_f22f1.dir/link.txt --verbose=1
/usr/bin/cc -fPIC -DCHECK_FUNCTION_EXISTS=pthread_create    -rdynamic CMakeFiles/cmTC_f22f1.dir/CheckFunctionExists.c.o  -o cmTC_f22f1 -lpthreads 
/usr/bin/ld: cannot find -lpthreads
collect2: error: ld returned 1 exit status
make[1]: *** [CMakeFiles/cmTC_f22f1.dir/build.make:87: cmTC_f22f1] Error 1
make[1]: Leaving directory '/home/mknezevi/Downloads/search_j/gideon_task/CMakeFiles/CMakeTmp'
make: *** [Makefile:121: cmTC_f22f1/fast] Error 2


Determining if the pthread_create exist failed with the following output:
Change Dir: /home/mknezevi/Downloads/search_j/gideon_task/CMakeFiles/CMakeTmp

Run Build Command:"/usr/bin/make" "cmTC_943d8/fast"
/usr/bin/make -f CMakeFiles/cmTC_943d8.dir/build.make CMakeFiles/cmTC_943d8.dir/build
make[1]: Entering directory '/home/mknezevi/Downloads/search_j/gideon_task/CMakeFiles/CMakeTmp'
Building C object CMakeFiles/cmTC_943d8.dir/CheckSymbolExists.c.o
/usr/bin/cc   -fPIC    -o CMakeFiles/cmTC_943d8.dir/CheckSymbolExists.c.o   -c /home/mknezevi/Downloads/search_j/gideon_task/CMakeFiles/CMakeTmp/CheckSymbolExists.c
Linking C executable cmTC_943d8
/usr/bin/cmake -E cmake_link_script CMakeFiles/cmTC_943d8.dir/link.txt --verbose=1
/usr/bin/cc -fPIC     -rdynamic CMakeFiles/cmTC_943d8.dir/CheckSymbolExists.c.o  -o cmTC_943d8 
/usr/bin/ld: CMakeFiles/cmTC_943d8.dir/CheckSymbolExists.c.o: in function `main':
CheckSymbolExists.c:(.text+0x1b): undefined reference to `pthread_create'
collect2: error: ld returned 1 exit status
make[1]: *** [CMakeFiles/cmTC_943d8.dir/build.make:87: cmTC_943d8] Error 1
make[1]: Leaving directory '/home/mknezevi/Downloads/search_j/gideon_task/CMakeFiles/CMakeTmp'
make: *** [Makefile:121: cmTC_943d8/fast] Error 2

File /home/mknezevi/Downloads/search_j/gideon_task/CMakeFiles/CMakeTmp/CheckSymbolExists.c:
/* */
#include <pthread.h>

int main(int argc, char** argv)
{
  (void)argv;
#ifndef pthread_create
  return ((int*)(&pthread_create))[argc];
#else
  (void)argc;
  return 0;
#endif
}

Determining if the function pthread_create exists in the pthreads failed with the following output:
Change Dir: /home/mknezevi/Downloads/search_j/gideon_task/CMakeFiles/CMakeTmp

Run Build Command:"/usr/bin/make" "cmTC_82f4b/fast"
/usr/bin/make -f CMakeFiles/cmTC_82f4b.dir/build.make CMakeFiles/cmTC_82f4b.dir/build
make[1]: Entering directory '/home/mknezevi/Downloads/search_j/gideon_task/CMakeFiles/CMakeTmp'
Building C object CMakeFiles/cmTC_82f4b.dir/CheckFunctionExists.c.o
/usr/bin/cc   -fPIC -DCHECK_FUNCTION_EXISTS=pthread_create   -o CMakeFiles/cmTC_82f4b.dir/CheckFunctionExists.c.o   -c /usr/share/cmake-3.13/Modules/CheckFunctionExists.c
Linking C executable cmTC_82f4b
/usr/bin/cmake -E cmake_link_script CMakeFiles/cmTC_82f4b.dir/link.txt --verbose=1
/usr/bin/cc -fPIC -DCHECK_FUNCTION_EXISTS=pthread_create    -rdynamic CMakeFiles/cmTC_82f4b.dir/CheckFunctionExists.c.o  -o cmTC_82f4b -lpthreads 
/usr/bin/ld: cannot find -lpthreads
collect2: error: ld returned 1 exit status
make[1]: *** [CMakeFiles/cmTC_82f4b.dir/build.make:87: cmTC_82f4b] Error 1
make[1]: Leaving directory '/home/mknezevi/Downloads/search_j/gideon_task/CMakeFiles/CMakeTmp'
make: *** [Makefile:121: cmTC_82f4b/fast] Error 2


Determining if the pthread_create exist failed with the following output:
Change Dir: /home/mknezevi/Downloads/search_j/gideon_task/CMakeFiles/CMakeTmp

Run Build Command:"/usr/bin/make" "cmTC_80c9d/fast"
/usr/bin/make -f CMakeFiles/cmTC_80c9d.dir/build.make CMakeFiles/cmTC_80c9d.dir/build
make[1]: Entering directory '/home/mknezevi/Downloads/search_j/gideon_task/CMakeFiles/CMakeTmp'
Building C object CMakeFiles/cmTC_80c9d.dir/CheckSymbolExists.c.o
/usr/bin/cc   -fPIC    -o CMakeFiles/cmTC_80c9d.dir/CheckSymbolExists.c.o   -c /home/mknezevi/Downloads/search_j/gideon_task/CMakeFiles/CMakeTmp/CheckSymbolExists.c
Linking C executable cmTC_80c9d
/usr/bin/cmake -E cmake_link_script CMakeFiles/cmTC_80c9d.dir/link.txt --verbose=1
/usr/bin/cc -fPIC     -rdynamic CMakeFiles/cmTC_80c9d.dir/CheckSymbolExists.c.o  -o cmTC_80c9d 
/usr/bin/ld: CMakeFiles/cmTC_80c9d.dir/CheckSymbolExists.c.o: in function `main':
CheckSymbolExists.c:(.text+0x1b): undefined reference to `pthread_create'
collect2: error: ld returned 1 exit status
make[1]: *** [CMakeFiles/cmTC_80c9d.dir/build.make:87: cmTC_80c9d] Error 1
make[1]: Leaving directory '/home/mknezevi/Downloads/search_j/gideon_task/CMakeFiles/CMakeTmp'
make: *** [Makefile:121: cmTC_80c9d/fast] Error 2

File /home/mknezevi/Downloads/search_j/gideon_task/CMakeFiles/CMakeTmp/CheckSymbolExists.c:
/* */
#include <pthread.h>

int main(int argc, char** argv)
{
  (void)argv;
#ifndef pthread_create
  return ((int*)(&pthread_create))[argc];
#else
  (void)argc;
  return 0;
#endif
}

Determining if the function pthread_create exists in the pthreads failed with the following output:
Change Dir: /home/mknezevi/Downloads/search_j/gideon_task/CMakeFiles/CMakeTmp

Run Build Command:"/usr/bin/make" "cmTC_47189/fast"
/usr/bin/make -f CMakeFiles/cmTC_47189.dir/build.make CMakeFiles/cmTC_47189.dir/build
make[1]: Entering directory '/home/mknezevi/Downloads/search_j/gideon_task/CMakeFiles/CMakeTmp'
Building C object CMakeFiles/cmTC_47189.dir/CheckFunctionExists.c.o
/usr/bin/cc   -fPIC -DCHECK_FUNCTION_EXISTS=pthread_create   -o CMakeFiles/cmTC_47189.dir/CheckFunctionExists.c.o   -c /usr/share/cmake-3.13/Modules/CheckFunctionExists.c
Linking C executable cmTC_47189
/usr/bin/cmake -E cmake_link_script CMakeFiles/cmTC_47189.dir/link.txt --verbose=1
/usr/bin/cc -fPIC -DCHECK_FUNCTION_EXISTS=pthread_create    -rdynamic CMakeFiles/cmTC_47189.dir/CheckFunctionExists.c.o  -o cmTC_47189 -lpthreads 
/usr/bin/ld: cannot find -lpthreads
collect2: error: ld returned 1 exit status
make[1]: *** [CMakeFiles/cmTC_47189.dir/build.make:87: cmTC_47189] Error 1
make[1]: Leaving directory '/home/mknezevi/Downloads/search_j/gideon_task/CMakeFiles/CMakeTmp'
make: *** [Makefile:121: cmTC_47189/fast] Error 2


Compiling the CUDA compiler identification source file "CMakeCUDACompilerId.cu" failed.
Compiler: /usr/bin/nvcc 
Build flags: 
Id flags:  -v;--keep;--keep-dir;tmp

The output was:
1
#$ _NVVM_BRANCH_=nvvm
#$ _SPACE_= 
#$ _CUDART_=cudart
#$ _HERE_=/usr/bin
#$ _THERE_=/usr/bin
#$ _TARGET_SIZE_=
#$ _TARGET_DIR_=
#$ _TARGET_SIZE_=64
nvcc fatal   : Path to libdevice library not specified


Compiling the CUDA compiler identification source file "CMakeCUDACompilerId.cu" failed.
Compiler: /usr/bin/nvcc 
Build flags: 
Id flags:  -v;--keep;--keep-dir;tmp

The output was:
1
#$ _NVVM_BRANCH_=nvvm
#$ _SPACE_= 
#$ _CUDART_=cudart
#$ _HERE_=/usr/bin
#$ _THERE_=/usr/bin
#$ _TARGET_SIZE_=
#$ _TARGET_DIR_=
#$ _TARGET_SIZE_=64
nvcc fatal   : Path to libdevice library not specified


Determining if the CUDA compiler works failed with the following output:
Change Dir: /home/mknezevi/Downloads/search_j/gideon_task/CMakeFiles/CMakeTmp

Run Build Command:"/usr/bin/make" "cmTC_2791e/fast"
/usr/bin/make -f CMakeFiles/cmTC_2791e.dir/build.make CMakeFiles/cmTC_2791e.dir/build
make[1]: Entering directory '/home/mknezevi/Downloads/search_j/gideon_task/CMakeFiles/CMakeTmp'
Building CUDA object CMakeFiles/cmTC_2791e.dir/main.cu.o
/usr/bin/nvcc     -x cu -c /home/mknezevi/Downloads/search_j/gideon_task/CMakeFiles/CMakeTmp/main.cu -o CMakeFiles/cmTC_2791e.dir/main.cu.o
nvcc fatal   : Path to libdevice library not specified
make[1]: *** [CMakeFiles/cmTC_2791e.dir/build.make:66: CMakeFiles/cmTC_2791e.dir/main.cu.o] Error 1
make[1]: Leaving directory '/home/mknezevi/Downloads/search_j/gideon_task/CMakeFiles/CMakeTmp'
make: *** [Makefile:121: cmTC_2791e/fast] Error 2


Determining if the pthread_create exist failed with the following output:
Change Dir: /home/mknezevi/Downloads/search_j/gideon_task/CMakeFiles/CMakeTmp

Run Build Command:"/usr/bin/make" "cmTC_c8fe9/fast"
/usr/bin/make -f CMakeFiles/cmTC_c8fe9.dir/build.make CMakeFiles/cmTC_c8fe9.dir/build
make[1]: Entering directory '/home/mknezevi/Downloads/search_j/gideon_task/CMakeFiles/CMakeTmp'
Building C object CMakeFiles/cmTC_c8fe9.dir/CheckSymbolExists.c.o
/usr/bin/cc   -fPIC    -o CMakeFiles/cmTC_c8fe9.dir/CheckSymbolExists.c.o   -c /home/mknezevi/Downloads/search_j/gideon_task/CMakeFiles/CMakeTmp/CheckSymbolExists.c
Linking C executable cmTC_c8fe9
/usr/bin/cmake -E cmake_link_script CMakeFiles/cmTC_c8fe9.dir/link.txt --verbose=1
/usr/bin/cc -fPIC     -rdynamic CMakeFiles/cmTC_c8fe9.dir/CheckSymbolExists.c.o  -o cmTC_c8fe9 
/usr/bin/ld: CMakeFiles/cmTC_c8fe9.dir/CheckSymbolExists.c.o: in function `main':
CheckSymbolExists.c:(.text+0x1b): undefined reference to `pthread_create'
collect2: error: ld returned 1 exit status
make[1]: *** [CMakeFiles/cmTC_c8fe9.dir/build.make:87: cmTC_c8fe9] Error 1
make[1]: Leaving directory '/home/mknezevi/Downloads/search_j/gideon_task/CMakeFiles/CMakeTmp'
make: *** [Makefile:121: cmTC_c8fe9/fast] Error 2

File /home/mknezevi/Downloads/search_j/gideon_task/CMakeFiles/CMakeTmp/CheckSymbolExists.c:
/* */
#include <pthread.h>

int main(int argc, char** argv)
{
  (void)argv;
#ifndef pthread_create
  return ((int*)(&pthread_create))[argc];
#else
  (void)argc;
  return 0;
#endif
}

Determining if the function pthread_create exists in the pthreads failed with the following output:
Change Dir: /home/mknezevi/Downloads/search_j/gideon_task/CMakeFiles/CMakeTmp

Run Build Command:"/usr/bin/make" "cmTC_29a7f/fast"
/usr/bin/make -f CMakeFiles/cmTC_29a7f.dir/build.make CMakeFiles/cmTC_29a7f.dir/build
make[1]: Entering directory '/home/mknezevi/Downloads/search_j/gideon_task/CMakeFiles/CMakeTmp'
Building C object CMakeFiles/cmTC_29a7f.dir/CheckFunctionExists.c.o
/usr/bin/cc   -fPIC -DCHECK_FUNCTION_EXISTS=pthread_create   -o CMakeFiles/cmTC_29a7f.dir/CheckFunctionExists.c.o   -c /usr/share/cmake-3.13/Modules/CheckFunctionExists.c
Linking C executable cmTC_29a7f
/usr/bin/cmake -E cmake_link_script CMakeFiles/cmTC_29a7f.dir/link.txt --verbose=1
/usr/bin/cc -fPIC -DCHECK_FUNCTION_EXISTS=pthread_create    -rdynamic CMakeFiles/cmTC_29a7f.dir/CheckFunctionExists.c.o  -o cmTC_29a7f -lpthreads 
/usr/bin/ld: cannot find -lpthreads
collect2: error: ld returned 1 exit status
make[1]: *** [CMakeFiles/cmTC_29a7f.dir/build.make:87: cmTC_29a7f] Error 1
make[1]: Leaving directory '/home/mknezevi/Downloads/search_j/gideon_task/CMakeFiles/CMakeTmp'
make: *** [Makefile:121: cmTC_29a7f/fast] Error 2


